android/app/build/intermediates/manifest_merge_blame_file/debug/processDebugMainManifest/manifest-merger-blame-debug-report.txt
1<?xml version="1.0" encoding="utf-8"?>
2<manifest xmlns:android="http://schemas.android.com/apk/res/android"
3    package="com.tmi_group.adhikary"
4    android:versionCode="1"
5    android:versionName="1.0.0" >
6
7    <uses-sdk
8        android:minSdkVersion="21"
9        android:targetSdkVersion="35" />
10    <!--
11         The INTERNET permission is required for development. Specifically,
12         the Flutter tool needs it to communicate with the running application
13         to allow setting breakpoints, to provide hot reload, etc.
14    -->
15    <uses-permission android:name="android.permission.INTERNET" />
15-->src\debug\AndroidManifest.xml:6:5-66
15-->src\debug\AndroidManifest.xml:6:22-64
16    <!--
17     Required to query activities that can process text, see:
18         https://developer.android.com/training/package-visibility and
19         https://developer.android.com/reference/android/content/Intent#ACTION_PROCESS_TEXT.
20
21         In particular, this is used by the Flutter engine in io.flutter.plugin.text.ProcessTextPlugin.
22    -->
23    <queries>
23-->src\main\AndroidManifest.xml:11:5-17:15
24        <intent>
24-->src\main\AndroidManifest.xml:12:9-16:18
25            <action android:name="android.intent.action.PROCESS_TEXT" />
25-->src\main\AndroidManifest.xml:13:13-73
25-->src\main\AndroidManifest.xml:13:21-70
26
27            <data android:mimeType="text/plain" />
27-->src\main\AndroidManifest.xml:15:13-51
27-->src\main\AndroidManifest.xml:15:19-48
28        </intent>
29    </queries>
30
31    <uses-permission android:name="android.permission.WAKE_LOCK" />
31-->[androidx.work:work-runtime:2.7.1] AndroidManifest.xml:25:5-68
31-->[androidx.work:work-runtime:2.7.1] AndroidManifest.xml:25:22-65
32    <uses-permission android:name="android.permission.ACCESS_NETWORK_STATE" />
32-->[androidx.work:work-runtime:2.7.1] AndroidManifest.xml:26:5-79
32-->[androidx.work:work-runtime:2.7.1] AndroidManifest.xml:26:22-76
33    <uses-permission android:name="android.permission.RECEIVE_BOOT_COMPLETED" />
33-->[androidx.work:work-runtime:2.7.1] AndroidManifest.xml:27:5-81
33-->[androidx.work:work-runtime:2.7.1] AndroidManifest.xml:27:22-78
34    <uses-permission android:name="android.permission.FOREGROUND_SERVICE" />
34-->[androidx.work:work-runtime:2.7.1] AndroidManifest.xml:28:5-77
34-->[androidx.work:work-runtime:2.7.1] AndroidManifest.xml:28:22-74
35
36    <permission
36-->[androidx.core:core:1.13.1] AndroidManifest.xml:22:5-24:47
37        android:name="com.tmi_group.adhikary.DYNAMIC_RECEIVER_NOT_EXPORTED_PERMISSION"
37-->[androidx.core:core:1.13.1] AndroidManifest.xml:23:9-81
38        android:protectionLevel="signature" />
38-->[androidx.core:core:1.13.1] AndroidManifest.xml:24:9-44
39
40    <uses-permission android:name="com.tmi_group.adhikary.DYNAMIC_RECEIVER_NOT_EXPORTED_PERMISSION" />
40-->[androidx.core:core:1.13.1] AndroidManifest.xml:26:5-97
40-->[androidx.core:core:1.13.1] AndroidManifest.xml:26:22-94
41
42    <application
43        android:name="android.app.Application"
44        android:appComponentFactory="androidx.core.app.CoreComponentFactory"
44-->[androidx.core:core:1.13.1] AndroidManifest.xml:28:18-86
45        android:debuggable="true"
46        android:extractNativeLibs="true"
47        android:icon="@mipmap/launcher_icon"
48        android:label="أذكــارى" >
49        <receiver
50            android:name="com.tmi_group.adhikary.ZekrWidget"
51            android:exported="false" >
52            <intent-filter>
53                <action android:name="android.appwidget.action.APPWIDGET_UPDATE" />
54            </intent-filter>
55
56            <meta-data
57                android:name="android.appwidget.provider"
58                android:resource="@xml/zekr_widget_info" />
59        </receiver>
60
61        <activity
62            android:name="com.tmi_group.adhikary.MainActivity"
63            android:configChanges="orientation|keyboardHidden|keyboard|screenSize|smallestScreenSize|locale|layoutDirection|fontScale|screenLayout|density|uiMode"
64            android:exported="true"
65            android:hardwareAccelerated="true"
66            android:launchMode="singleTop"
67            android:taskAffinity=""
68            android:theme="@style/LaunchTheme"
69            android:windowSoftInputMode="adjustResize" >
70
71            <!--
72                 Specifies an Android theme to apply to this Activity as soon as
73                 the Android process has started. This theme is visible to the user
74                 while the Flutter UI initializes. After that, this theme continues
75                 to determine the Window background behind the Flutter UI.
76            -->
77            <meta-data
78                android:name="io.flutter.embedding.android.NormalTheme"
79                android:resource="@style/NormalTheme" />
80
81            <intent-filter>
82                <action android:name="android.intent.action.MAIN" />
83
84                <category android:name="android.intent.category.LAUNCHER" />
85            </intent-filter>
86        </activity>
87        <!--
88 Don't delete the meta-data below.
89             This is used by the Flutter tool to generate GeneratedPluginRegistrant.java
90        -->
91        <meta-data
92            android:name="flutterEmbedding"
93            android:value="2" />
94        <!--
95          Any addition to or deletion of the components below should also have a corresponding
96          change to the GlanceComponents class, so that alternate subclasses of these components may
97          be specified by Glance users. Please also add a release note so that users of the
98          multiprocess library will know if they need to add another manifest entry.
99        -->
100        <activity
100-->[androidx.glance:glance-appwidget:1.2.0-alpha01] AndroidManifest.xml:30:9-35:62
101            android:name="androidx.glance.appwidget.action.ActionTrampolineActivity"
101-->[androidx.glance:glance-appwidget:1.2.0-alpha01] AndroidManifest.xml:31:13-85
102            android:enabled="true"
102-->[androidx.glance:glance-appwidget:1.2.0-alpha01] AndroidManifest.xml:32:13-35
103            android:excludeFromRecents="true"
103-->[androidx.glance:glance-appwidget:1.2.0-alpha01] AndroidManifest.xml:33:13-46
104            android:exported="false"
104-->[androidx.glance:glance-appwidget:1.2.0-alpha01] AndroidManifest.xml:34:13-37
105            android:theme="@android:style/Theme.NoDisplay" />
105-->[androidx.glance:glance-appwidget:1.2.0-alpha01] AndroidManifest.xml:35:13-59
106        <activity
106-->[androidx.glance:glance-appwidget:1.2.0-alpha01] AndroidManifest.xml:36:9-43:81
107            android:name="androidx.glance.appwidget.action.InvisibleActionTrampolineActivity"
107-->[androidx.glance:glance-appwidget:1.2.0-alpha01] AndroidManifest.xml:37:13-94
108            android:enabled="true"
108-->[androidx.glance:glance-appwidget:1.2.0-alpha01] AndroidManifest.xml:38:13-35
109            android:exported="false"
109-->[androidx.glance:glance-appwidget:1.2.0-alpha01] AndroidManifest.xml:39:13-37
110            android:launchMode="singleInstance"
110-->[androidx.glance:glance-appwidget:1.2.0-alpha01] AndroidManifest.xml:40:13-48
111            android:noHistory="true"
111-->[androidx.glance:glance-appwidget:1.2.0-alpha01] AndroidManifest.xml:41:13-37
112            android:taskAffinity="androidx.glance.appwidget.ListAdapterCallbackTrampoline"
112-->[androidx.glance:glance-appwidget:1.2.0-alpha01] AndroidManifest.xml:42:13-91
113            android:theme="@style/Widget.Glance.AppWidget.CallbackTrampoline" />
113-->[androidx.glance:glance-appwidget:1.2.0-alpha01] AndroidManifest.xml:43:13-78
114
115        <receiver
115-->[androidx.glance:glance-appwidget:1.2.0-alpha01] AndroidManifest.xml:45:9-48:40
116            android:name="androidx.glance.appwidget.action.ActionCallbackBroadcastReceiver"
116-->[androidx.glance:glance-appwidget:1.2.0-alpha01] AndroidManifest.xml:46:13-92
117            android:enabled="true"
117-->[androidx.glance:glance-appwidget:1.2.0-alpha01] AndroidManifest.xml:47:13-35
118            android:exported="false" />
118-->[androidx.glance:glance-appwidget:1.2.0-alpha01] AndroidManifest.xml:48:13-37
119        <receiver
119-->[androidx.glance:glance-appwidget:1.2.0-alpha01] AndroidManifest.xml:49:9-52:40
120            android:name="androidx.glance.appwidget.UnmanagedSessionReceiver"
120-->[androidx.glance:glance-appwidget:1.2.0-alpha01] AndroidManifest.xml:50:13-78
121            android:enabled="true"
121-->[androidx.glance:glance-appwidget:1.2.0-alpha01] AndroidManifest.xml:51:13-35
122            android:exported="false" />
122-->[androidx.glance:glance-appwidget:1.2.0-alpha01] AndroidManifest.xml:52:13-37
123        <receiver
123-->[androidx.glance:glance-appwidget:1.2.0-alpha01] AndroidManifest.xml:53:9-60:20
124            android:name="androidx.glance.appwidget.MyPackageReplacedReceiver"
124-->[androidx.glance:glance-appwidget:1.2.0-alpha01] AndroidManifest.xml:54:13-79
125            android:enabled="true"
125-->[androidx.glance:glance-appwidget:1.2.0-alpha01] AndroidManifest.xml:55:13-35
126            android:exported="false" >
126-->[androidx.glance:glance-appwidget:1.2.0-alpha01] AndroidManifest.xml:56:13-37
127            <intent-filter>
127-->[androidx.glance:glance-appwidget:1.2.0-alpha01] AndroidManifest.xml:57:13-59:29
128                <action android:name="android.intent.action.MY_PACKAGE_REPLACED" />
128-->[androidx.glance:glance-appwidget:1.2.0-alpha01] AndroidManifest.xml:58:17-84
128-->[androidx.glance:glance-appwidget:1.2.0-alpha01] AndroidManifest.xml:58:25-81
129            </intent-filter>
130        </receiver>
131
132        <service
132-->[androidx.glance:glance-appwidget:1.2.0-alpha01] AndroidManifest.xml:62:9-65:72
133            android:name="androidx.glance.appwidget.GlanceRemoteViewsService"
133-->[androidx.glance:glance-appwidget:1.2.0-alpha01] AndroidManifest.xml:63:13-78
134            android:exported="true"
134-->[androidx.glance:glance-appwidget:1.2.0-alpha01] AndroidManifest.xml:64:13-36
135            android:permission="android.permission.BIND_REMOTEVIEWS" />
135-->[androidx.glance:glance-appwidget:1.2.0-alpha01] AndroidManifest.xml:65:13-69
136
137        <uses-library
137-->[androidx.window:window:1.2.0] AndroidManifest.xml:23:9-25:40
138            android:name="androidx.window.extensions"
138-->[androidx.window:window:1.2.0] AndroidManifest.xml:24:13-54
139            android:required="false" />
139-->[androidx.window:window:1.2.0] AndroidManifest.xml:25:13-37
140        <uses-library
140-->[androidx.window:window:1.2.0] AndroidManifest.xml:26:9-28:40
141            android:name="androidx.window.sidecar"
141-->[androidx.window:window:1.2.0] AndroidManifest.xml:27:13-51
142            android:required="false" />
142-->[androidx.window:window:1.2.0] AndroidManifest.xml:28:13-37
143
144        <service
144-->[androidx.core:core-remoteviews:1.1.0] AndroidManifest.xml:24:9-27:63
145            android:name="androidx.core.widget.RemoteViewsCompatService"
145-->[androidx.core:core-remoteviews:1.1.0] AndroidManifest.xml:25:13-73
146            android:permission="android.permission.BIND_REMOTEVIEWS" />
146-->[androidx.core:core-remoteviews:1.1.0] AndroidManifest.xml:26:13-69
147
148        <provider
148-->[androidx.work:work-runtime:2.7.1] AndroidManifest.xml:31:9-39:20
149            android:name="androidx.startup.InitializationProvider"
149-->[androidx.work:work-runtime:2.7.1] AndroidManifest.xml:32:13-67
150            android:authorities="com.tmi_group.adhikary.androidx-startup"
150-->[androidx.work:work-runtime:2.7.1] AndroidManifest.xml:33:13-68
151            android:exported="false" >
151-->[androidx.work:work-runtime:2.7.1] AndroidManifest.xml:34:13-37
152            <meta-data
152-->[androidx.work:work-runtime:2.7.1] AndroidManifest.xml:36:13-38:52
153                android:name="androidx.work.WorkManagerInitializer"
153-->[androidx.work:work-runtime:2.7.1] AndroidManifest.xml:37:17-68
154                android:value="androidx.startup" />
154-->[androidx.work:work-runtime:2.7.1] AndroidManifest.xml:38:17-49
155            <meta-data
155-->[androidx.lifecycle:lifecycle-process:2.7.0] AndroidManifest.xml:29:13-31:52
156                android:name="androidx.lifecycle.ProcessLifecycleInitializer"
156-->[androidx.lifecycle:lifecycle-process:2.7.0] AndroidManifest.xml:30:17-78
157                android:value="androidx.startup" />
157-->[androidx.lifecycle:lifecycle-process:2.7.0] AndroidManifest.xml:31:17-49
158            <meta-data
158-->[androidx.profileinstaller:profileinstaller:1.3.1] AndroidManifest.xml:29:13-31:52
159                android:name="androidx.profileinstaller.ProfileInstallerInitializer"
159-->[androidx.profileinstaller:profileinstaller:1.3.1] AndroidManifest.xml:30:17-85
160                android:value="androidx.startup" />
160-->[androidx.profileinstaller:profileinstaller:1.3.1] AndroidManifest.xml:31:17-49
161        </provider>
162
163        <service
163-->[androidx.work:work-runtime:2.7.1] AndroidManifest.xml:41:9-46:35
164            android:name="androidx.work.impl.background.systemalarm.SystemAlarmService"
164-->[androidx.work:work-runtime:2.7.1] AndroidManifest.xml:42:13-88
165            android:directBootAware="false"
165-->[androidx.work:work-runtime:2.7.1] AndroidManifest.xml:43:13-44
166            android:enabled="@bool/enable_system_alarm_service_default"
166-->[androidx.work:work-runtime:2.7.1] AndroidManifest.xml:44:13-72
167            android:exported="false" />
167-->[androidx.work:work-runtime:2.7.1] AndroidManifest.xml:45:13-37
168        <service
168-->[androidx.work:work-runtime:2.7.1] AndroidManifest.xml:47:9-53:35
169            android:name="androidx.work.impl.background.systemjob.SystemJobService"
169-->[androidx.work:work-runtime:2.7.1] AndroidManifest.xml:48:13-84
170            android:directBootAware="false"
170-->[androidx.work:work-runtime:2.7.1] AndroidManifest.xml:49:13-44
171            android:enabled="@bool/enable_system_job_service_default"
171-->[androidx.work:work-runtime:2.7.1] AndroidManifest.xml:50:13-70
172            android:exported="true"
172-->[androidx.work:work-runtime:2.7.1] AndroidManifest.xml:51:13-36
173            android:permission="android.permission.BIND_JOB_SERVICE" />
173-->[androidx.work:work-runtime:2.7.1] AndroidManifest.xml:52:13-69
174        <service
174-->[androidx.work:work-runtime:2.7.1] AndroidManifest.xml:54:9-59:35
175            android:name="androidx.work.impl.foreground.SystemForegroundService"
175-->[androidx.work:work-runtime:2.7.1] AndroidManifest.xml:55:13-81
176            android:directBootAware="false"
176-->[androidx.work:work-runtime:2.7.1] AndroidManifest.xml:56:13-44
177            android:enabled="@bool/enable_system_foreground_service_default"
177-->[androidx.work:work-runtime:2.7.1] AndroidManifest.xml:57:13-77
178            android:exported="false" />
178-->[androidx.work:work-runtime:2.7.1] AndroidManifest.xml:58:13-37
179
180        <receiver
180-->[androidx.work:work-runtime:2.7.1] AndroidManifest.xml:61:9-66:35
181            android:name="androidx.work.impl.utils.ForceStopRunnable$BroadcastReceiver"
181-->[androidx.work:work-runtime:2.7.1] AndroidManifest.xml:62:13-88
182            android:directBootAware="false"
182-->[androidx.work:work-runtime:2.7.1] AndroidManifest.xml:63:13-44
183            android:enabled="true"
183-->[androidx.work:work-runtime:2.7.1] AndroidManifest.xml:64:13-35
184            android:exported="false" />
184-->[androidx.work:work-runtime:2.7.1] AndroidManifest.xml:65:13-37
185        <receiver
185-->[androidx.work:work-runtime:2.7.1] AndroidManifest.xml:67:9-77:20
186            android:name="androidx.work.impl.background.systemalarm.ConstraintProxy$BatteryChargingProxy"
186-->[androidx.work:work-runtime:2.7.1] AndroidManifest.xml:68:13-106
187            android:directBootAware="false"
187-->[androidx.work:work-runtime:2.7.1] AndroidManifest.xml:69:13-44
188            android:enabled="false"
188-->[androidx.work:work-runtime:2.7.1] AndroidManifest.xml:70:13-36
189            android:exported="false" >
189-->[androidx.work:work-runtime:2.7.1] AndroidManifest.xml:71:13-37
190            <intent-filter>
190-->[androidx.work:work-runtime:2.7.1] AndroidManifest.xml:73:13-76:29
191                <action android:name="android.intent.action.ACTION_POWER_CONNECTED" />
191-->[androidx.work:work-runtime:2.7.1] AndroidManifest.xml:74:17-87
191-->[androidx.work:work-runtime:2.7.1] AndroidManifest.xml:74:25-84
192                <action android:name="android.intent.action.ACTION_POWER_DISCONNECTED" />
192-->[androidx.work:work-runtime:2.7.1] AndroidManifest.xml:75:17-90
192-->[androidx.work:work-runtime:2.7.1] AndroidManifest.xml:75:25-87
193            </intent-filter>
194        </receiver>
195        <receiver
195-->[androidx.work:work-runtime:2.7.1] AndroidManifest.xml:78:9-88:20
196            android:name="androidx.work.impl.background.systemalarm.ConstraintProxy$BatteryNotLowProxy"
196-->[androidx.work:work-runtime:2.7.1] AndroidManifest.xml:79:13-104
197            android:directBootAware="false"
197-->[androidx.work:work-runtime:2.7.1] AndroidManifest.xml:80:13-44
198            android:enabled="false"
198-->[androidx.work:work-runtime:2.7.1] AndroidManifest.xml:81:13-36
199            android:exported="false" >
199-->[androidx.work:work-runtime:2.7.1] AndroidManifest.xml:82:13-37
200            <intent-filter>
200-->[androidx.work:work-runtime:2.7.1] AndroidManifest.xml:84:13-87:29
201                <action android:name="android.intent.action.BATTERY_OKAY" />
201-->[androidx.work:work-runtime:2.7.1] AndroidManifest.xml:85:17-77
201-->[androidx.work:work-runtime:2.7.1] AndroidManifest.xml:85:25-74
202                <action android:name="android.intent.action.BATTERY_LOW" />
202-->[androidx.work:work-runtime:2.7.1] AndroidManifest.xml:86:17-76
202-->[androidx.work:work-runtime:2.7.1] AndroidManifest.xml:86:25-73
203            </intent-filter>
204        </receiver>
205        <receiver
205-->[androidx.work:work-runtime:2.7.1] AndroidManifest.xml:89:9-99:20
206            android:name="androidx.work.impl.background.systemalarm.ConstraintProxy$StorageNotLowProxy"
206-->[androidx.work:work-runtime:2.7.1] AndroidManifest.xml:90:13-104
207            android:directBootAware="false"
207-->[androidx.work:work-runtime:2.7.1] AndroidManifest.xml:91:13-44
208            android:enabled="false"
208-->[androidx.work:work-runtime:2.7.1] AndroidManifest.xml:92:13-36
209            android:exported="false" >
209-->[androidx.work:work-runtime:2.7.1] AndroidManifest.xml:93:13-37
210            <intent-filter>
210-->[androidx.work:work-runtime:2.7.1] AndroidManifest.xml:95:13-98:29
211                <action android:name="android.intent.action.DEVICE_STORAGE_LOW" />
211-->[androidx.work:work-runtime:2.7.1] AndroidManifest.xml:96:17-83
211-->[androidx.work:work-runtime:2.7.1] AndroidManifest.xml:96:25-80
212                <action android:name="android.intent.action.DEVICE_STORAGE_OK" />
212-->[androidx.work:work-runtime:2.7.1] AndroidManifest.xml:97:17-82
212-->[androidx.work:work-runtime:2.7.1] AndroidManifest.xml:97:25-79
213            </intent-filter>
214        </receiver>
215        <receiver
215-->[androidx.work:work-runtime:2.7.1] AndroidManifest.xml:100:9-109:20
216            android:name="androidx.work.impl.background.systemalarm.ConstraintProxy$NetworkStateProxy"
216-->[androidx.work:work-runtime:2.7.1] AndroidManifest.xml:101:13-103
217            android:directBootAware="false"
217-->[androidx.work:work-runtime:2.7.1] AndroidManifest.xml:102:13-44
218            android:enabled="false"
218-->[androidx.work:work-runtime:2.7.1] AndroidManifest.xml:103:13-36
219            android:exported="false" >
219-->[androidx.work:work-runtime:2.7.1] AndroidManifest.xml:104:13-37
220            <intent-filter>
220-->[androidx.work:work-runtime:2.7.1] AndroidManifest.xml:106:13-108:29
221                <action android:name="android.net.conn.CONNECTIVITY_CHANGE" />
221-->[androidx.work:work-runtime:2.7.1] AndroidManifest.xml:107:17-79
221-->[androidx.work:work-runtime:2.7.1] AndroidManifest.xml:107:25-76
222            </intent-filter>
223        </receiver>
224        <receiver
224-->[androidx.work:work-runtime:2.7.1] AndroidManifest.xml:110:9-121:20
225            android:name="androidx.work.impl.background.systemalarm.RescheduleReceiver"
225-->[androidx.work:work-runtime:2.7.1] AndroidManifest.xml:111:13-88
226            android:directBootAware="false"
226-->[androidx.work:work-runtime:2.7.1] AndroidManifest.xml:112:13-44
227            android:enabled="false"
227-->[androidx.work:work-runtime:2.7.1] AndroidManifest.xml:113:13-36
228            android:exported="false" >
228-->[androidx.work:work-runtime:2.7.1] AndroidManifest.xml:114:13-37
229            <intent-filter>
229-->[androidx.work:work-runtime:2.7.1] AndroidManifest.xml:116:13-120:29
230                <action android:name="android.intent.action.BOOT_COMPLETED" />
230-->[androidx.work:work-runtime:2.7.1] AndroidManifest.xml:117:17-79
230-->[androidx.work:work-runtime:2.7.1] AndroidManifest.xml:117:25-76
231                <action android:name="android.intent.action.TIME_SET" />
231-->[androidx.work:work-runtime:2.7.1] AndroidManifest.xml:118:17-73
231-->[androidx.work:work-runtime:2.7.1] AndroidManifest.xml:118:25-70
232                <action android:name="android.intent.action.TIMEZONE_CHANGED" />
232-->[androidx.work:work-runtime:2.7.1] AndroidManifest.xml:119:17-81
232-->[androidx.work:work-runtime:2.7.1] AndroidManifest.xml:119:25-78
233            </intent-filter>
234        </receiver>
235        <receiver
235-->[androidx.work:work-runtime:2.7.1] AndroidManifest.xml:122:9-131:20
236            android:name="androidx.work.impl.background.systemalarm.ConstraintProxyUpdateReceiver"
236-->[androidx.work:work-runtime:2.7.1] AndroidManifest.xml:123:13-99
237            android:directBootAware="false"
237-->[androidx.work:work-runtime:2.7.1] AndroidManifest.xml:124:13-44
238            android:enabled="@bool/enable_system_alarm_service_default"
238-->[androidx.work:work-runtime:2.7.1] AndroidManifest.xml:125:13-72
239            android:exported="false" >
239-->[androidx.work:work-runtime:2.7.1] AndroidManifest.xml:126:13-37
240            <intent-filter>
240-->[androidx.work:work-runtime:2.7.1] AndroidManifest.xml:128:13-130:29
241                <action android:name="androidx.work.impl.background.systemalarm.UpdateProxies" />
241-->[androidx.work:work-runtime:2.7.1] AndroidManifest.xml:129:17-98
241-->[androidx.work:work-runtime:2.7.1] AndroidManifest.xml:129:25-95
242            </intent-filter>
243        </receiver>
244        <receiver
244-->[androidx.work:work-runtime:2.7.1] AndroidManifest.xml:132:9-142:20
245            android:name="androidx.work.impl.diagnostics.DiagnosticsReceiver"
245-->[androidx.work:work-runtime:2.7.1] AndroidManifest.xml:133:13-78
246            android:directBootAware="false"
246-->[androidx.work:work-runtime:2.7.1] AndroidManifest.xml:134:13-44
247            android:enabled="true"
247-->[androidx.work:work-runtime:2.7.1] AndroidManifest.xml:135:13-35
248            android:exported="true"
248-->[androidx.work:work-runtime:2.7.1] AndroidManifest.xml:136:13-36
249            android:permission="android.permission.DUMP" >
249-->[androidx.work:work-runtime:2.7.1] AndroidManifest.xml:137:13-57
250            <intent-filter>
250-->[androidx.work:work-runtime:2.7.1] AndroidManifest.xml:139:13-141:29
251                <action android:name="androidx.work.diagnostics.REQUEST_DIAGNOSTICS" />
251-->[androidx.work:work-runtime:2.7.1] AndroidManifest.xml:140:17-88
251-->[androidx.work:work-runtime:2.7.1] AndroidManifest.xml:140:25-85
252            </intent-filter>
253        </receiver>
254        <receiver
254-->[androidx.profileinstaller:profileinstaller:1.3.1] AndroidManifest.xml:34:9-52:20
255            android:name="androidx.profileinstaller.ProfileInstallReceiver"
255-->[androidx.profileinstaller:profileinstaller:1.3.1] AndroidManifest.xml:35:13-76
256            android:directBootAware="false"
256-->[androidx.profileinstaller:profileinstaller:1.3.1] AndroidManifest.xml:36:13-44
257            android:enabled="true"
257-->[androidx.profileinstaller:profileinstaller:1.3.1] AndroidManifest.xml:37:13-35
258            android:exported="true"
258-->[androidx.profileinstaller:profileinstaller:1.3.1] AndroidManifest.xml:38:13-36
259            android:permission="android.permission.DUMP" >
259-->[androidx.profileinstaller:profileinstaller:1.3.1] AndroidManifest.xml:39:13-57
260            <intent-filter>
260-->[androidx.profileinstaller:profileinstaller:1.3.1] AndroidManifest.xml:40:13-42:29
261                <action android:name="androidx.profileinstaller.action.INSTALL_PROFILE" />
261-->[androidx.profileinstaller:profileinstaller:1.3.1] AndroidManifest.xml:41:17-91
261-->[androidx.profileinstaller:profileinstaller:1.3.1] AndroidManifest.xml:41:25-88
262            </intent-filter>
263            <intent-filter>
263-->[androidx.profileinstaller:profileinstaller:1.3.1] AndroidManifest.xml:43:13-45:29
264                <action android:name="androidx.profileinstaller.action.SKIP_FILE" />
264-->[androidx.profileinstaller:profileinstaller:1.3.1] AndroidManifest.xml:44:17-85
264-->[androidx.profileinstaller:profileinstaller:1.3.1] AndroidManifest.xml:44:25-82
265            </intent-filter>
266            <intent-filter>
266-->[androidx.profileinstaller:profileinstaller:1.3.1] AndroidManifest.xml:46:13-48:29
267                <action android:name="androidx.profileinstaller.action.SAVE_PROFILE" />
267-->[androidx.profileinstaller:profileinstaller:1.3.1] AndroidManifest.xml:47:17-88
267-->[androidx.profileinstaller:profileinstaller:1.3.1] AndroidManifest.xml:47:25-85
268            </intent-filter>
269            <intent-filter>
269-->[androidx.profileinstaller:profileinstaller:1.3.1] AndroidManifest.xml:49:13-51:29
270                <action android:name="androidx.profileinstaller.action.BENCHMARK_OPERATION" />
270-->[androidx.profileinstaller:profileinstaller:1.3.1] AndroidManifest.xml:50:17-95
270-->[androidx.profileinstaller:profileinstaller:1.3.1] AndroidManifest.xml:50:25-92
271            </intent-filter>
272        </receiver>
273
274        <service
274-->[androidx.room:room-runtime:2.2.5] AndroidManifest.xml:25:9-28:40
275            android:name="androidx.room.MultiInstanceInvalidationService"
275-->[androidx.room:room-runtime:2.2.5] AndroidManifest.xml:26:13-74
276            android:directBootAware="true"
276-->[androidx.room:room-runtime:2.2.5] AndroidManifest.xml:27:13-43
277            android:exported="false" />
277-->[androidx.room:room-runtime:2.2.5] AndroidManifest.xml:28:13-37
278    </application>
279
280</manifest>